<?xml version="1.0" encoding="UTF-8"?>
<testsuite name="SILab2Test" tests="1" skipped="0" failures="0" errors="0" timestamp="2022-06-03T19:01:08" hostname="DESKTOP-1TP3RPS" time="0.022">
  <properties/>
  <testcase name="testcases()" classname="SILab2Test" time="0.022"/>
  <system-out><![CDATA[]]></system-out>
  <system-err><![CDATA[]]></system-err>
</testsuite>
